#
# There is insufficient memory for the Java Runtime Environment to continue.
# Native memory allocation (malloc) failed to allocate 43376 bytes for Chunk::new
# Possible reasons:
#   The system is out of physical RAM or swap space
#   The process is running with CompressedOops enabled, and the Java Heap may be blocking the growth of the native heap
# Possible solutions:
#   Reduce memory load on the system
#   Increase physical memory or swap space
#   Check if swap backing store is full
#   Decrease Java heap size (-Xmx/-Xms)
#   Decrease number of Java threads
#   Decrease Java thread stack sizes (-Xss)
#   Set larger code cache with -XX:ReservedCodeCacheSize=
#   JVM is running with Zero Based Compressed Oops mode in which the Java heap is
#     placed in the first 32GB address space. The Java Heap base address is the
#     maximum limit for the native heap growth. Please use -XX:HeapBaseMinAddress
#     to set the Java Heap base and to place the Java Heap above 32GB virtual address.
# This output file may be truncated or incomplete.
#
#  Out of Memory Error (arena.cpp:168), pid=24436, tid=15476
#
# JRE version: Java(TM) SE Runtime Environment (21.0.1+12) (build 21.0.1+12-LTS-29)
# Java VM: Java HotSpot(TM) 64-Bit Server VM (21.0.1+12-LTS-29, mixed mode, sharing, tiered, compressed oops, compressed class ptrs, g1 gc, windows-amd64)
# No core dump will be written. Minidumps are not enabled by default on client versions of Windows
#

---------------  S U M M A R Y ------------

Command Line: -Dfile.encoding=UTF-8 --module-path=C:\Users\billi\OneDrive\Documents\NetBeansProjects\HotelSystem\build\classes Hotel.Management.System.AddDriver

Host: 12th Gen Intel(R) Core(TM) i7-1255U, 12 cores, 15G,  Windows 11 , 64 bit Build 26100 (10.0.26100.2454)
Time: Mon Feb 24 12:14:30 2025 New Zealand Daylight Time elapsed time: 441219.014274 seconds (5d 2h 33m 39s)

---------------  T H R E A D  ---------------

Current thread (0x00000162dafeec00):  JavaThread "C2 CompilerThread0" daemon [_thread_in_native, id=15476, stack(0x0000004606e00000,0x0000004606f00000) (1024K)]


Current CompileTask:
C2:441219014 1403       4       java.util.HashMap::putVal (300 bytes)

Stack: [0x0000004606e00000,0x0000004606f00000]
Native frames: (J=compiled Java code, j=interpreted, Vv=VM code, C=native code)
V  [jvm.dll+0x6c9029]
V  [jvm.dll+0x854b81]
V  [jvm.dll+0x856e5e]
V  [jvm.dll+0x857543]
V  [jvm.dll+0x280c06]
V  [jvm.dll+0xc3ead]
V  [jvm.dll+0xc43c3]
V  [jvm.dll+0x3b5732]
V  [jvm.dll+0x1e1b3b]
V  [jvm.dll+0x249c22]
V  [jvm.dll+0x2490b1]
V  [jvm.dll+0x1c9ca1]
V  [jvm.dll+0x2586b9]
V  [jvm.dll+0x256c9a]
V  [jvm.dll+0x3ef1b6]
V  [jvm.dll+0x7fd728]
V  [jvm.dll+0x6c777d]
C  [ucrtbase.dll+0x14ea0]
C  [KERNEL32.DLL+0x2e8d7]
C  [ntdll.dll+0xdfbcc]


---------------  P R O C E S S  ---------------

Threads class SMR info:
_java_thread_list=0x0000016322a1ccc0, length=16, elements={
0x00000162dafdbac0, 0x00000162dafdc720, 0x00000162dafeaee0, 0x00000162dafec0e0,
0x00000162dafecb40, 0x00000162dafed5a0, 0x00000162dafeec00, 0x00000162dafef6a0,
0x00000162db2c2f70, 0x00000162db345b50, 0x00000162db4c6430, 0x00000162db4c70b0,
0x00000162db49f640, 0x00000163229f9870, 0x00000162b977ae30, 0x0000016322ddfe60
}

Java Threads: ( => current thread )
  0x00000162dafdbac0 JavaThread "Reference Handler"          daemon [_thread_blocked, id=26356, stack(0x0000004606800000,0x0000004606900000) (1024K)]
  0x00000162dafdc720 JavaThread "Finalizer"                  daemon [_thread_blocked, id=17940, stack(0x0000004606900000,0x0000004606a00000) (1024K)]
  0x00000162dafeaee0 JavaThread "Signal Dispatcher"          daemon [_thread_blocked, id=8944, stack(0x0000004606a00000,0x0000004606b00000) (1024K)]
  0x00000162dafec0e0 JavaThread "Attach Listener"            daemon [_thread_blocked, id=31000, stack(0x0000004606b00000,0x0000004606c00000) (1024K)]
  0x00000162dafecb40 JavaThread "Service Thread"             daemon [_thread_blocked, id=22080, stack(0x0000004606c00000,0x0000004606d00000) (1024K)]
  0x00000162dafed5a0 JavaThread "Monitor Deflation Thread"   daemon [_thread_blocked, id=24168, stack(0x0000004606d00000,0x0000004606e00000) (1024K)]
=>0x00000162dafeec00 JavaThread "C2 CompilerThread0"         daemon [_thread_in_native, id=15476, stack(0x0000004606e00000,0x0000004606f00000) (1024K)]
  0x00000162dafef6a0 JavaThread "C1 CompilerThread0"         daemon [_thread_blocked, id=17512, stack(0x0000004606f00000,0x0000004607000000) (1024K)]
  0x00000162db2c2f70 JavaThread "Common-Cleaner"             daemon [_thread_blocked, id=31940, stack(0x0000004607000000,0x0000004607100000) (1024K)]
  0x00000162db345b50 JavaThread "Notification Thread"        daemon [_thread_blocked, id=2716, stack(0x0000004607100000,0x0000004607200000) (1024K)]
  0x00000162db4c6430 JavaThread "Java2D Disposer"            daemon [_thread_blocked, id=28136, stack(0x0000004607200000,0x0000004607300000) (1024K)]
  0x00000162db4c70b0 JavaThread "AWT-Shutdown"                      [_thread_blocked, id=31484, stack(0x0000004607300000,0x0000004607400000) (1024K)]
  0x00000162db49f640 JavaThread "AWT-Windows"                daemon [_thread_in_native, id=29380, stack(0x0000004607400000,0x0000004607500000) (1024K)]
  0x00000163229f9870 JavaThread "AWT-EventQueue-0"                  [_thread_blocked, id=8908, stack(0x0000004607500000,0x0000004607600000) (1024K)]
  0x00000162b977ae30 JavaThread "DestroyJavaVM"                     [_thread_blocked, id=2160, stack(0x0000004606000000,0x0000004606100000) (1024K)]
  0x0000016322ddfe60 JavaThread "TimerQueue"                 daemon [_thread_blocked, id=6056, stack(0x0000004608400000,0x0000004608500000) (1024K)]
Total: 16

Other Threads:
  0x00000162dafb9550 VMThread "VM Thread"                           [id=27556, stack(0x0000004606700000,0x0000004606800000) (1024K)]
  0x00000162dafa0030 WatcherThread "VM Periodic Task Thread"        [id=25876, stack(0x0000004606600000,0x0000004606700000) (1024K)]
  0x00000162bbb50460 WorkerThread "GC Thread#0"                     [id=30204, stack(0x0000004606100000,0x0000004606200000) (1024K)]
  0x00000162dafb8330 WorkerThread "GC Thread#1"                     [id=22176, stack(0x0000004607b00000,0x0000004607c00000) (1024K)]
  0x00000162dafb8a70 WorkerThread "GC Thread#2"                     [id=21732, stack(0x0000004607c00000,0x0000004607d00000) (1024K)]
  0x00000162dafb8e10 WorkerThread "GC Thread#3"                     [id=4352, stack(0x0000004607d00000,0x0000004607e00000) (1024K)]
  0x00000162dafb91b0 WorkerThread "GC Thread#4"                     [id=33656, stack(0x0000004607e00000,0x0000004607f00000) (1024K)]
  0x0000016322d5fae0 WorkerThread "GC Thread#5"                     [id=32628, stack(0x0000004607f00000,0x0000004608000000) (1024K)]
  0x0000016322d61b80 WorkerThread "GC Thread#6"                     [id=30392, stack(0x0000004608000000,0x0000004608100000) (1024K)]
  0x0000016322d62a00 WorkerThread "GC Thread#7"                     [id=27028, stack(0x0000004608100000,0x0000004608200000) (1024K)]
  0x0000016322d5f740 WorkerThread "GC Thread#8"                     [id=3244, stack(0x0000004608200000,0x0000004608300000) (1024K)]
  0x0000016322d62660 WorkerThread "GC Thread#9"                     [id=7672, stack(0x0000004608300000,0x0000004608400000) (1024K)]
  0x00000162bbb61890 ConcurrentGCThread "G1 Main Marker"            [id=2052, stack(0x0000004606200000,0x0000004606300000) (1024K)]
  0x00000162bbb65170 WorkerThread "G1 Conc#0"                       [id=17504, stack(0x0000004606300000,0x0000004606400000) (1024K)]
  0x00000162bbbae600 ConcurrentGCThread "G1 Refine#0"               [id=23252, stack(0x0000004606400000,0x0000004606500000) (1024K)]
  0x00000162dae73290 ConcurrentGCThread "G1 Service"                [id=18272, stack(0x0000004606500000,0x0000004606600000) (1024K)]
Total: 16

Threads with active compile tasks:
C2 CompilerThread0  441219058 1403       4       java.util.HashMap::putVal (300 bytes)
Total: 1

VM state: not at safepoint (normal execution)

VM Mutex/Monitor currently owned by a thread: None

Heap address: 0x0000000704400000, size: 4028 MB, Compressed Oops mode: Zero based, Oop shift amount: 3

CDS archive(s) mapped at: [0x00000162dc000000-0x00000162dcc90000-0x00000162dcc90000), size 13172736, SharedBaseAddress: 0x00000162dc000000, ArchiveRelocationMode: 1.
Compressed class space mapped at: 0x00000162dd000000-0x000001631d000000, reserved size: 1073741824
Narrow klass base: 0x00000162dc000000, Narrow klass shift: 0, Narrow klass range: 0x100000000

GC Precious Log:
 CardTable entry size: 512
 Card Set container configuration: InlinePtr #cards 4 size 8 Array Of Cards #cards 16 size 48 Howl #buckets 8 coarsen threshold 3686 Howl Bitmap #cards 512 size 80 coarsen threshold 460 Card regions per heap region 1 cards per card region 4096
 CPUs: 12 total, 12 available
 Memory: 16108M
 Large Page Support: Disabled
 NUMA Support: Disabled
 Compressed Oops: Enabled (Zero based)
 Heap Region Size: 2M
 Heap Min Capacity: 8M
 Heap Initial Capacity: 252M
 Heap Max Capacity: 4028M
 Pre-touch: Disabled
 Parallel Workers: 10
 Concurrent Workers: 3
 Concurrent Refinement Workers: 10
 Periodic GC: Disabled

Heap:
 garbage-first heap   total 258048K, used 14757K [0x0000000704400000, 0x0000000800000000)
  region size 2048K, 4 young (8192K), 2 survivors (4096K)
 Metaspace       used 9594K, committed 9792K, reserved 1114112K
  class space    used 1083K, committed 1216K, reserved 1048576K

Heap Regions: E=young(eden), S=young(survivor), O=old, HS=humongous(starts), HC=humongous(continues), CS=collection set, F=free, TAMS=top-at-mark-start, PB=parsable bottom
|   0|0x0000000704400000, 0x0000000704600000, 0x0000000704600000|100%|HS|  |TAMS 0x0000000704400000| PB 0x0000000704400000| Complete 
|   1|0x0000000704600000, 0x0000000704800000, 0x0000000704800000|100%|HC|  |TAMS 0x0000000704600000| PB 0x0000000704600000| Complete 
|   2|0x0000000704800000, 0x0000000704a00000, 0x0000000704a00000|100%|HC|  |TAMS 0x0000000704800000| PB 0x0000000704800000| Complete 
|   3|0x0000000704a00000, 0x0000000704c00000, 0x0000000704c00000|100%|HS|  |TAMS 0x0000000704a00000| PB 0x0000000704a00000| Complete 
|   4|0x0000000704c00000, 0x0000000704c694c0, 0x0000000704e00000| 20%| O|  |TAMS 0x0000000704c00000| PB 0x0000000704c00000| Untracked 
|   5|0x0000000704e00000, 0x0000000704e00000, 0x0000000705000000|  0%| F|  |TAMS 0x0000000704e00000| PB 0x0000000704e00000| Untracked 
|   6|0x0000000705000000, 0x0000000705000000, 0x0000000705200000|  0%| F|  |TAMS 0x0000000705000000| PB 0x0000000705000000| Untracked 
|   7|0x0000000705200000, 0x0000000705200000, 0x0000000705400000|  0%| F|  |TAMS 0x0000000705200000| PB 0x0000000705200000| Untracked 
|   8|0x0000000705400000, 0x0000000705400000, 0x0000000705600000|  0%| F|  |TAMS 0x0000000705400000| PB 0x0000000705400000| Untracked 
|   9|0x0000000705600000, 0x0000000705600000, 0x0000000705800000|  0%| F|  |TAMS 0x0000000705600000| PB 0x0000000705600000| Untracked 
|  10|0x0000000705800000, 0x0000000705800000, 0x0000000705a00000|  0%| F|  |TAMS 0x0000000705800000| PB 0x0000000705800000| Untracked 
|  11|0x0000000705a00000, 0x0000000705a00000, 0x0000000705c00000|  0%| F|  |TAMS 0x0000000705a00000| PB 0x0000000705a00000| Untracked 
|  12|0x0000000705c00000, 0x0000000705c00000, 0x0000000705e00000|  0%| F|  |TAMS 0x0000000705c00000| PB 0x0000000705c00000| Untracked 
|  13|0x0000000705e00000, 0x0000000705e00000, 0x0000000706000000|  0%| F|  |TAMS 0x0000000705e00000| PB 0x0000000705e00000| Untracked 
|  14|0x0000000706000000, 0x0000000706000000, 0x0000000706200000|  0%| F|  |TAMS 0x0000000706000000| PB 0x0000000706000000| Untracked 
|  15|0x0000000706200000, 0x0000000706200000, 0x0000000706400000|  0%| F|  |TAMS 0x0000000706200000| PB 0x0000000706200000| Untracked 
|  16|0x0000000706400000, 0x0000000706400000, 0x0000000706600000|  0%| F|  |TAMS 0x0000000706400000| PB 0x0000000706400000| Untracked 
|  17|0x0000000706600000, 0x0000000706600000, 0x0000000706800000|  0%| F|  |TAMS 0x0000000706600000| PB 0x0000000706600000| Untracked 
|  18|0x0000000706800000, 0x0000000706800000, 0x0000000706a00000|  0%| F|  |TAMS 0x0000000706800000| PB 0x0000000706800000| Untracked 
|  19|0x0000000706a00000, 0x0000000706a00000, 0x0000000706c00000|  0%| F|  |TAMS 0x0000000706a00000| PB 0x0000000706a00000| Untracked 
|  20|0x0000000706c00000, 0x0000000706c00000, 0x0000000706e00000|  0%| F|  |TAMS 0x0000000706c00000| PB 0x0000000706c00000| Untracked 
|  21|0x0000000706e00000, 0x0000000706e00000, 0x0000000707000000|  0%| F|  |TAMS 0x0000000706e00000| PB 0x0000000706e00000| Untracked 
|  22|0x0000000707000000, 0x0000000707000000, 0x0000000707200000|  0%| F|  |TAMS 0x0000000707000000| PB 0x0000000707000000| Untracked 
|  23|0x0000000707200000, 0x0000000707200000, 0x0000000707400000|  0%| F|  |TAMS 0x0000000707200000| PB 0x0000000707200000| Untracked 
|  24|0x0000000707400000, 0x0000000707400000, 0x0000000707600000|  0%| F|  |TAMS 0x0000000707400000| PB 0x0000000707400000| Untracked 
|  25|0x0000000707600000, 0x0000000707600000, 0x0000000707800000|  0%| F|  |TAMS 0x0000000707600000| PB 0x0000000707600000| Untracked 
|  26|0x0000000707800000, 0x0000000707800000, 0x0000000707a00000|  0%| F|  |TAMS 0x0000000707800000| PB 0x0000000707800000| Untracked 
|  27|0x0000000707a00000, 0x0000000707a00000, 0x0000000707c00000|  0%| F|  |TAMS 0x0000000707a00000| PB 0x0000000707a00000| Untracked 
|  28|0x0000000707c00000, 0x0000000707c00000, 0x0000000707e00000|  0%| F|  |TAMS 0x0000000707c00000| PB 0x0000000707c00000| Untracked 
|  29|0x0000000707e00000, 0x0000000707e00000, 0x0000000708000000|  0%| F|  |TAMS 0x0000000707e00000| PB 0x0000000707e00000| Untracked 
|  30|0x0000000708000000, 0x0000000708000000, 0x0000000708200000|  0%| F|  |TAMS 0x0000000708000000| PB 0x0000000708000000| Untracked 
|  31|0x0000000708200000, 0x0000000708200000, 0x0000000708400000|  0%| F|  |TAMS 0x0000000708200000| PB 0x0000000708200000| Untracked 
|  32|0x0000000708400000, 0x0000000708400000, 0x0000000708600000|  0%| F|  |TAMS 0x0000000708400000| PB 0x0000000708400000| Untracked 
|  33|0x0000000708600000, 0x0000000708600000, 0x0000000708800000|  0%| F|  |TAMS 0x0000000708600000| PB 0x0000000708600000| Untracked 
|  34|0x0000000708800000, 0x0000000708800000, 0x0000000708a00000|  0%| F|  |TAMS 0x0000000708800000| PB 0x0000000708800000| Untracked 
|  35|0x0000000708a00000, 0x0000000708a00000, 0x0000000708c00000|  0%| F|  |TAMS 0x0000000708a00000| PB 0x0000000708a00000| Untracked 
|  36|0x0000000708c00000, 0x0000000708c00000, 0x0000000708e00000|  0%| F|  |TAMS 0x0000000708c00000| PB 0x0000000708c00000| Untracked 
|  37|0x0000000708e00000, 0x0000000708e00000, 0x0000000709000000|  0%| F|  |TAMS 0x0000000708e00000| PB 0x0000000708e00000| Untracked 
|  38|0x0000000709000000, 0x0000000709000000, 0x0000000709200000|  0%| F|  |TAMS 0x0000000709000000| PB 0x0000000709000000| Untracked 
|  39|0x0000000709200000, 0x0000000709200000, 0x0000000709400000|  0%| F|  |TAMS 0x0000000709200000| PB 0x0000000709200000| Untracked 
|  40|0x0000000709400000, 0x0000000709400000, 0x0000000709600000|  0%| F|  |TAMS 0x0000000709400000| PB 0x0000000709400000| Untracked 
|  41|0x0000000709600000, 0x0000000709600000, 0x0000000709800000|  0%| F|  |TAMS 0x0000000709600000| PB 0x0000000709600000| Untracked 
|  42|0x0000000709800000, 0x0000000709800000, 0x0000000709a00000|  0%| F|  |TAMS 0x0000000709800000| PB 0x0000000709800000| Untracked 
|  43|0x0000000709a00000, 0x0000000709a00000, 0x0000000709c00000|  0%| F|  |TAMS 0x0000000709a00000| PB 0x0000000709a00000| Untracked 
|  44|0x0000000709c00000, 0x0000000709c00000, 0x0000000709e00000|  0%| F|  |TAMS 0x0000000709c00000| PB 0x0000000709c00000| Untracked 
|  45|0x0000000709e00000, 0x0000000709e00000, 0x000000070a000000|  0%| F|  |TAMS 0x0000000709e00000| PB 0x0000000709e00000| Untracked 
|  46|0x000000070a000000, 0x000000070a000000, 0x000000070a200000|  0%| F|  |TAMS 0x000000070a000000| PB 0x000000070a000000| Untracked 
|  47|0x000000070a200000, 0x000000070a200000, 0x000000070a400000|  0%| F|  |TAMS 0x000000070a200000| PB 0x000000070a200000| Untracked 
|  48|0x000000070a400000, 0x000000070a400000, 0x000000070a600000|  0%| F|  |TAMS 0x000000070a400000| PB 0x000000070a400000| Untracked 
|  49|0x000000070a600000, 0x000000070a600000, 0x000000070a800000|  0%| F|  |TAMS 0x000000070a600000| PB 0x000000070a600000| Untracked 
|  50|0x000000070a800000, 0x000000070a800000, 0x000000070aa00000|  0%| F|  |TAMS 0x000000070a800000| PB 0x000000070a800000| Untracked 
|  51|0x000000070aa00000, 0x000000070aa00000, 0x000000070ac00000|  0%| F|  |TAMS 0x000000070aa00000| PB 0x000000070aa00000| Untracked 
|  52|0x000000070ac00000, 0x000000070ac00000, 0x000000070ae00000|  0%| F|  |TAMS 0x000000070ac00000| PB 0x000000070ac00000| Untracked 
|  53|0x000000070ae00000, 0x000000070ae00000, 0x000000070b000000|  0%| F|  |TAMS 0x000000070ae00000| PB 0x000000070ae00000| Untracked 
|  54|0x000000070b000000, 0x000000070b000000, 0x000000070b200000|  0%| F|  |TAMS 0x000000070b000000| PB 0x000000070b000000| Untracked 
|  55|0x000000070b200000, 0x000000070b200000, 0x000000070b400000|  0%| F|  |TAMS 0x000000070b200000| PB 0x000000070b200000| Untracked 
|  56|0x000000070b400000, 0x000000070b400000, 0x000000070b600000|  0%| F|  |TAMS 0x000000070b400000| PB 0x000000070b400000| Untracked 
|  57|0x000000070b600000, 0x000000070b600000, 0x000000070b800000|  0%| F|  |TAMS 0x000000070b600000| PB 0x000000070b600000| Untracked 
|  58|0x000000070b800000, 0x000000070b800000, 0x000000070ba00000|  0%| F|  |TAMS 0x000000070b800000| PB 0x000000070b800000| Untracked 
|  59|0x000000070ba00000, 0x000000070ba00000, 0x000000070bc00000|  0%| F|  |TAMS 0x000000070ba00000| PB 0x000000070ba00000| Untracked 
|  60|0x000000070bc00000, 0x000000070bc00000, 0x000000070be00000|  0%| F|  |TAMS 0x000000070bc00000| PB 0x000000070bc00000| Untracked 
|  61|0x000000070be00000, 0x000000070be00000, 0x000000070c000000|  0%| F|  |TAMS 0x000000070be00000| PB 0x000000070be00000| Untracked 
|  62|0x000000070c000000, 0x000000070c000000, 0x000000070c200000|  0%| F|  |TAMS 0x000000070c000000| PB 0x000000070c000000| Untracked 
|  63|0x000000070c200000, 0x000000070c200000, 0x000000070c400000|  0%| F|  |TAMS 0x000000070c200000| PB 0x000000070c200000| Untracked 
|  64|0x000000070c400000, 0x000000070c400000, 0x000000070c600000|  0%| F|  |TAMS 0x000000070c400000| PB 0x000000070c400000| Untracked 
|  65|0x000000070c600000, 0x000000070c600000, 0x000000070c800000|  0%| F|  |TAMS 0x000000070c600000| PB 0x000000070c600000| Untracked 
|  66|0x000000070c800000, 0x000000070c800000, 0x000000070ca00000|  0%| F|  |TAMS 0x000000070c800000| PB 0x000000070c800000| Untracked 
|  67|0x000000070ca00000, 0x000000070ca00000, 0x000000070cc00000|  0%| F|  |TAMS 0x000000070ca00000| PB 0x000000070ca00000| Untracked 
|  68|0x000000070cc00000, 0x000000070cc00000, 0x000000070ce00000|  0%| F|  |TAMS 0x000000070cc00000| PB 0x000000070cc00000| Untracked 
|  69|0x000000070ce00000, 0x000000070ce00000, 0x000000070d000000|  0%| F|  |TAMS 0x000000070ce00000| PB 0x000000070ce00000| Untracked 
|  70|0x000000070d000000, 0x000000070d000000, 0x000000070d200000|  0%| F|  |TAMS 0x000000070d000000| PB 0x000000070d000000| Untracked 
|  71|0x000000070d200000, 0x000000070d200000, 0x000000070d400000|  0%| F|  |TAMS 0x000000070d200000| PB 0x000000070d200000| Untracked 
|  72|0x000000070d400000, 0x000000070d400000, 0x000000070d600000|  0%| F|  |TAMS 0x000000070d400000| PB 0x000000070d400000| Untracked 
|  73|0x000000070d600000, 0x000000070d600000, 0x000000070d800000|  0%| F|  |TAMS 0x000000070d600000| PB 0x000000070d600000| Untracked 
|  74|0x000000070d800000, 0x000000070d800000, 0x000000070da00000|  0%| F|  |TAMS 0x000000070d800000| PB 0x000000070d800000| Untracked 
|  75|0x000000070da00000, 0x000000070da00000, 0x000000070dc00000|  0%| F|  |TAMS 0x000000070da00000| PB 0x000000070da00000| Untracked 
|  76|0x000000070dc00000, 0x000000070dc00000, 0x000000070de00000|  0%| F|  |TAMS 0x000000070dc00000| PB 0x000000070dc00000| Untracked 
|  77|0x000000070de00000, 0x000000070de00000, 0x000000070e000000|  0%| F|  |TAMS 0x000000070de00000| PB 0x000000070de00000| Untracked 
|  78|0x000000070e000000, 0x000000070e000000, 0x000000070e200000|  0%| F|  |TAMS 0x000000070e000000| PB 0x000000070e000000| Untracked 
|  79|0x000000070e200000, 0x000000070e200000, 0x000000070e400000|  0%| F|  |TAMS 0x000000070e200000| PB 0x000000070e200000| Untracked 
|  80|0x000000070e400000, 0x000000070e400000, 0x000000070e600000|  0%| F|  |TAMS 0x000000070e400000| PB 0x000000070e400000| Untracked 
|  81|0x000000070e600000, 0x000000070e600000, 0x000000070e800000|  0%| F|  |TAMS 0x000000070e600000| PB 0x000000070e600000| Untracked 
|  82|0x000000070e800000, 0x000000070e800000, 0x000000070ea00000|  0%| F|  |TAMS 0x000000070e800000| PB 0x000000070e800000| Untracked 
|  83|0x000000070ea00000, 0x000000070ea00000, 0x000000070ec00000|  0%| F|  |TAMS 0x000000070ea00000| PB 0x000000070ea00000| Untracked 
|  84|0x000000070ec00000, 0x000000070ec00000, 0x000000070ee00000|  0%| F|  |TAMS 0x000000070ec00000| PB 0x000000070ec00000| Untracked 
|  85|0x000000070ee00000, 0x000000070ee00000, 0x000000070f000000|  0%| F|  |TAMS 0x000000070ee00000| PB 0x000000070ee00000| Untracked 
|  86|0x000000070f000000, 0x000000070f000000, 0x000000070f200000|  0%| F|  |TAMS 0x000000070f000000| PB 0x000000070f000000| Untracked 
|  87|0x000000070f200000, 0x000000070f200000, 0x000000070f400000|  0%| F|  |TAMS 0x000000070f200000| PB 0x000000070f200000| Untracked 
|  88|0x000000070f400000, 0x000000070f400000, 0x000000070f600000|  0%| F|  |TAMS 0x000000070f400000| PB 0x000000070f400000| Untracked 
|  89|0x000000070f600000, 0x000000070f600000, 0x000000070f800000|  0%| F|  |TAMS 0x000000070f600000| PB 0x000000070f600000| Untracked 
|  90|0x000000070f800000, 0x000000070f800000, 0x000000070fa00000|  0%| F|  |TAMS 0x000000070f800000| PB 0x000000070f800000| Untracked 
|  91|0x000000070fa00000, 0x000000070fa00000, 0x000000070fc00000|  0%| F|  |TAMS 0x000000070fa00000| PB 0x000000070fa00000| Untracked 
|  92|0x000000070fc00000, 0x000000070fc00000, 0x000000070fe00000|  0%| F|  |TAMS 0x000000070fc00000| PB 0x000000070fc00000| Untracked 
|  93|0x000000070fe00000, 0x000000070fe00000, 0x0000000710000000|  0%| F|  |TAMS 0x000000070fe00000| PB 0x000000070fe00000| Untracked 
|  94|0x0000000710000000, 0x0000000710000000, 0x0000000710200000|  0%| F|  |TAMS 0x0000000710000000| PB 0x0000000710000000| Untracked 
|  95|0x0000000710200000, 0x0000000710200000, 0x0000000710400000|  0%| F|  |TAMS 0x0000000710200000| PB 0x0000000710200000| Untracked 
|  96|0x0000000710400000, 0x0000000710400000, 0x0000000710600000|  0%| F|  |TAMS 0x0000000710400000| PB 0x0000000710400000| Untracked 
|  97|0x0000000710600000, 0x0000000710600000, 0x0000000710800000|  0%| F|  |TAMS 0x0000000710600000| PB 0x0000000710600000| Untracked 
|  98|0x0000000710800000, 0x0000000710800000, 0x0000000710a00000|  0%| F|  |TAMS 0x0000000710800000| PB 0x0000000710800000| Untracked 
|  99|0x0000000710a00000, 0x0000000710a00000, 0x0000000710c00000|  0%| F|  |TAMS 0x0000000710a00000| PB 0x0000000710a00000| Untracked 
| 100|0x0000000710c00000, 0x0000000710c00000, 0x0000000710e00000|  0%| F|  |TAMS 0x0000000710c00000| PB 0x0000000710c00000| Untracked 
| 101|0x0000000710e00000, 0x0000000710e00000, 0x0000000711000000|  0%| F|  |TAMS 0x0000000710e00000| PB 0x0000000710e00000| Untracked 
| 102|0x0000000711000000, 0x0000000711000000, 0x0000000711200000|  0%| F|  |TAMS 0x0000000711000000| PB 0x0000000711000000| Untracked 
| 103|0x0000000711200000, 0x0000000711200000, 0x0000000711400000|  0%| F|  |TAMS 0x0000000711200000| PB 0x0000000711200000| Untracked 
| 104|0x0000000711400000, 0x0000000711400000, 0x0000000711600000|  0%| F|  |TAMS 0x0000000711400000| PB 0x0000000711400000| Untracked 
| 105|0x0000000711600000, 0x0000000711600000, 0x0000000711800000|  0%| F|  |TAMS 0x0000000711600000| PB 0x0000000711600000| Untracked 
| 106|0x0000000711800000, 0x0000000711800000, 0x0000000711a00000|  0%| F|  |TAMS 0x0000000711800000| PB 0x0000000711800000| Untracked 
| 107|0x0000000711a00000, 0x0000000711a00000, 0x0000000711c00000|  0%| F|  |TAMS 0x0000000711a00000| PB 0x0000000711a00000| Untracked 
| 108|0x0000000711c00000, 0x0000000711c00000, 0x0000000711e00000|  0%| F|  |TAMS 0x0000000711c00000| PB 0x0000000711c00000| Untracked 
| 109|0x0000000711e00000, 0x0000000711e00000, 0x0000000712000000|  0%| F|  |TAMS 0x0000000711e00000| PB 0x0000000711e00000| Untracked 
| 110|0x0000000712000000, 0x0000000712000000, 0x0000000712200000|  0%| F|  |TAMS 0x0000000712000000| PB 0x0000000712000000| Untracked 
| 111|0x0000000712200000, 0x0000000712200000, 0x0000000712400000|  0%| F|  |TAMS 0x0000000712200000| PB 0x0000000712200000| Untracked 
| 112|0x0000000712400000, 0x0000000712400000, 0x0000000712600000|  0%| F|  |TAMS 0x0000000712400000| PB 0x0000000712400000| Untracked 
| 113|0x0000000712600000, 0x0000000712800000, 0x0000000712800000|100%| S|CS|TAMS 0x0000000712600000| PB 0x0000000712600000| Complete 
| 114|0x0000000712800000, 0x0000000712a00000, 0x0000000712a00000|100%| S|CS|TAMS 0x0000000712800000| PB 0x0000000712800000| Complete 
| 115|0x0000000712a00000, 0x0000000712a00000, 0x0000000712c00000|  0%| F|  |TAMS 0x0000000712a00000| PB 0x0000000712a00000| Untracked 
| 116|0x0000000712c00000, 0x0000000712c00000, 0x0000000712e00000|  0%| F|  |TAMS 0x0000000712c00000| PB 0x0000000712c00000| Untracked 
| 117|0x0000000712e00000, 0x0000000712e00000, 0x0000000713000000|  0%| F|  |TAMS 0x0000000712e00000| PB 0x0000000712e00000| Untracked 
| 118|0x0000000713000000, 0x0000000713000000, 0x0000000713200000|  0%| F|  |TAMS 0x0000000713000000| PB 0x0000000713000000| Untracked 
| 119|0x0000000713200000, 0x0000000713200000, 0x0000000713400000|  0%| F|  |TAMS 0x0000000713200000| PB 0x0000000713200000| Untracked 
| 120|0x0000000713400000, 0x0000000713400000, 0x0000000713600000|  0%| F|  |TAMS 0x0000000713400000| PB 0x0000000713400000| Untracked 
| 121|0x0000000713600000, 0x0000000713600000, 0x0000000713800000|  0%| F|  |TAMS 0x0000000713600000| PB 0x0000000713600000| Untracked 
| 122|0x0000000713800000, 0x0000000713800000, 0x0000000713a00000|  0%| F|  |TAMS 0x0000000713800000| PB 0x0000000713800000| Untracked 
| 123|0x0000000713a00000, 0x0000000713a00000, 0x0000000713c00000|  0%| F|  |TAMS 0x0000000713a00000| PB 0x0000000713a00000| Untracked 
| 124|0x0000000713c00000, 0x0000000713d9fde0, 0x0000000713e00000| 81%| E|  |TAMS 0x0000000713c00000| PB 0x0000000713c00000| Complete 
| 125|0x0000000713e00000, 0x0000000714000000, 0x0000000714000000|100%| E|CS|TAMS 0x0000000713e00000| PB 0x0000000713e00000| Complete 

Card table byte_map: [0x00000162d3c80000,0x00000162d4460000] _byte_map_base: 0x00000162d045e000

Marking Bits: (CMBitMap*) 0x00000162bbb50b60
 Bits: [0x00000162d4460000, 0x00000162d8350000)

Polling page: 0x00000162bb220000

Metaspace:

Usage:
  Non-class:      8.31 MB used.
      Class:      1.06 MB used.
       Both:      9.37 MB used.

Virtual space:
  Non-class space:       64.00 MB reserved,       8.38 MB ( 13%) committed,  1 nodes.
      Class space:        1.00 GB reserved,       1.19 MB ( <1%) committed,  1 nodes.
             Both:        1.06 GB reserved,       9.56 MB ( <1%) committed. 

Chunk freelists:
   Non-Class:  7.00 MB
       Class:  14.73 MB
        Both:  21.73 MB

MaxMetaspaceSize: unlimited
CompressedClassSpaceSize: 1.00 GB
Initial GC threshold: 21.00 MB
Current GC threshold: 21.00 MB
CDS: on
 - commit_granule_bytes: 65536.
 - commit_granule_words: 8192.
 - virtual_space_node_default_size: 8388608.
 - enlarge_chunks_in_place: 1.
 - use_allocation_guard: 0.


Internal statistics:

num_allocs_failed_limit: 0.
num_arena_births: 152.
num_arena_deaths: 0.
num_vsnodes_births: 2.
num_vsnodes_deaths: 0.
num_space_committed: 153.
num_space_uncommitted: 0.
num_chunks_returned_to_freelist: 0.
num_chunks_taken_from_freelist: 200.
num_chunk_merges: 0.
num_chunk_splits: 114.
num_chunks_enlarged: 43.
num_inconsistent_stats: 0.

CodeHeap 'non-profiled nmethods': size=120000Kb used=419Kb max_used=419Kb free=119580Kb
 bounds [0x00000162cba10000, 0x00000162cbc80000, 0x00000162d2f40000]
CodeHeap 'profiled nmethods': size=120000Kb used=2332Kb max_used=2332Kb free=117667Kb
 bounds [0x00000162c3f40000, 0x00000162c41b0000, 0x00000162cb470000]
CodeHeap 'non-nmethods': size=5760Kb used=1574Kb max_used=1591Kb free=4185Kb
 bounds [0x00000162cb470000, 0x00000162cb6e0000, 0x00000162cba10000]
 total_blobs=2040 nmethods=1402 adapters=543
 compilation: enabled
              stopped_count=0, restarted_count=0
 full_count=0

Compilation events (20 events):
Event: 426644.811 Thread 0x00000162dafef6a0 nmethod 1394 0x00000162c4181890 code [0x00000162c4181ce0, 0x00000162c4183b08]
Event: 426644.857 Thread 0x00000162dafef6a0 1395   !   3       sun.awt.windows.WDesktopProperties$WinPlaySound::equals (25 bytes)
Event: 426644.858 Thread 0x00000162dafeec00 1396       4       java.lang.Object::equals (11 bytes)
Event: 426644.858 Thread 0x00000162dafef6a0 nmethod 1395 0x00000162c4184510 code [0x00000162c41846e0, 0x00000162c41849e0]
Event: 426644.859 Thread 0x00000162dafeec00 nmethod 1396 0x00000162cba76210 code [0x00000162cba763a0, 0x00000162cba76430]
Event: 426644.910 Thread 0x00000162dafeec00 1397       4       jdk.internal.logger.AbstractLoggerWrapper::isLoggable (26 bytes)
Event: 426644.950 Thread 0x00000162dafeec00 nmethod 1397 0x00000162cba76510 code [0x00000162cba76720, 0x00000162cba77100]
Event: 426667.317 Thread 0x00000162dafeec00 1398       4       java.util.HashMap::keysToArray (81 bytes)
Event: 426667.349 Thread 0x00000162dafeec00 nmethod 1398 0x00000162cba77490 code [0x00000162cba77640, 0x00000162cba77c38]
Event: 433365.175 Thread 0x00000162dafef6a0 1399  s    3       sun.awt.windows.WDesktopProperties::setBooleanProperty (57 bytes)
Event: 433365.232 Thread 0x00000162dafef6a0 nmethod 1399 0x00000162c4184b90 code [0x00000162c4184dc0, 0x00000162c41854c8]
Event: 433378.211 Thread 0x00000162dafef6a0 1400       3       java.awt.EventQueue::eventToCacheIndex (80 bytes)
Event: 433378.216 Thread 0x00000162dafef6a0 nmethod 1400 0x00000162c4185710 code [0x00000162c4185900, 0x00000162c4185ed8]
Event: 440688.553 Thread 0x00000162dafeec00 1401       4       sun.util.logging.PlatformLogger::isLoggable (23 bytes)
Event: 440688.575 Thread 0x00000162dafeec00 nmethod 1401 0x00000162cba77e90 code [0x00000162cba780a0, 0x00000162cba78b20]
Event: 441215.446 Thread 0x00000162dafef6a0 1402       3       java.util.AbstractCollection::addAll (42 bytes)
Event: 441215.450 Thread 0x00000162dafef6a0 nmethod 1402 0x00000162c4185f90 code [0x00000162c4186180, 0x00000162c41866c0]
Event: 441215.979 Thread 0x00000162dafeec00 1403       4       java.util.HashMap::putVal (300 bytes)
Event: 441217.053 Thread 0x00000162dafef6a0 1404       3       java.util.WeakHashMap$HashIterator::hasNext (95 bytes)
Event: 441217.054 Thread 0x00000162dafef6a0 nmethod 1404 0x00000162c4186890 code [0x00000162c4186a60, 0x00000162c4187028]

GC Heap History (2 events):
Event: 0.487 GC heap before
{Heap before GC invocations=0 (full 0):
 garbage-first heap   total 258048K, used 28672K [0x0000000704400000, 0x0000000800000000)
  region size 2048K, 11 young (22528K), 0 survivors (0K)
 Metaspace       used 9279K, committed 9472K, reserved 1114112K
  class space    used 1051K, committed 1152K, reserved 1048576K
}
Event: 0.492 GC heap after
{Heap after GC invocations=1 (full 0):
 garbage-first heap   total 258048K, used 12709K [0x0000000704400000, 0x0000000800000000)
  region size 2048K, 2 young (4096K), 2 survivors (4096K)
 Metaspace       used 9279K, committed 9472K, reserved 1114112K
  class space    used 1051K, committed 1152K, reserved 1048576K
}

Dll operation events (10 events):
Event: 0.006 Loaded shared library C:\Program Files\Java\jdk-21\bin\java.dll
Event: 0.033 Loaded shared library C:\Program Files\Java\jdk-21\bin\jsvml.dll
Event: 0.052 Loaded shared library C:\Program Files\Java\jdk-21\bin\net.dll
Event: 0.054 Loaded shared library C:\Program Files\Java\jdk-21\bin\nio.dll
Event: 0.068 Loaded shared library C:\Program Files\Java\jdk-21\bin\zip.dll
Event: 0.076 Loaded shared library C:\Program Files\Java\jdk-21\bin\jimage.dll
Event: 0.087 Loaded shared library C:\Program Files\Java\jdk-21\bin\awt.dll
Event: 0.249 Loaded shared library C:\Program Files\Java\jdk-21\bin\javajpeg.dll
Event: 0.299 Loaded shared library C:\Program Files\Java\jdk-21\bin\freetype.dll
Event: 0.300 Loaded shared library C:\Program Files\Java\jdk-21\bin\fontmanager.dll

Deoptimization events (20 events):
Event: 9462.947 Thread 0x00000162db49f640 Uncommon trap: trap_request=0xffffff76 fr.pc=0x00000162cba74170 relative=0x0000000000000230
Event: 9462.947 Thread 0x00000162db49f640 Uncommon trap: reason=predicate action=maybe_recompile pc=0x00000162cba74170 method=java.util.HashMap.keysToArray([Ljava/lang/Object;)[Ljava/lang/Object; @ 48 c2
Event: 9462.947 Thread 0x00000162db49f640 DEOPT PACKING pc=0x00000162cba74170 sp=0x00000046074fe780
Event: 9462.947 Thread 0x00000162db49f640 DEOPT UNPACKING pc=0x00000162cb4c46a2 sp=0x00000046074fe728 mode 2
Event: 33430.842 Thread 0x00000162db49f640 Uncommon trap: trap_request=0xffffffd6 fr.pc=0x00000162cba74ad4 relative=0x0000000000000494
Event: 33430.853 Thread 0x00000162db49f640 Uncommon trap: reason=array_check action=maybe_recompile pc=0x00000162cba74ad4 method=java.util.HashMap.keysToArray([Ljava/lang/Object;)[Ljava/lang/Object; @ 62 c2
Event: 33430.857 Thread 0x00000162db49f640 DEOPT PACKING pc=0x00000162cba74ad4 sp=0x00000046074fe780
Event: 33430.857 Thread 0x00000162db49f640 DEOPT UNPACKING pc=0x00000162cb4c46a2 sp=0x00000046074fe718 mode 2
Event: 33431.033 Thread 0x00000162db49f640 Uncommon trap: trap_request=0xffffffd6 fr.pc=0x00000162cba74ad4 relative=0x0000000000000494
Event: 33431.033 Thread 0x00000162db49f640 Uncommon trap: reason=array_check action=maybe_recompile pc=0x00000162cba74ad4 method=java.util.HashMap.keysToArray([Ljava/lang/Object;)[Ljava/lang/Object; @ 62 c2
Event: 33431.033 Thread 0x00000162db49f640 DEOPT PACKING pc=0x00000162cba74ad4 sp=0x00000046074fe780
Event: 33431.033 Thread 0x00000162db49f640 DEOPT UNPACKING pc=0x00000162cb4c46a2 sp=0x00000046074fe718 mode 2
Event: 426641.968 Thread 0x00000162db49f640 Uncommon trap: trap_request=0xffffffd6 fr.pc=0x00000162cba74ad4 relative=0x0000000000000494
Event: 426641.968 Thread 0x00000162db49f640 Uncommon trap: reason=array_check action=maybe_recompile pc=0x00000162cba74ad4 method=java.util.HashMap.keysToArray([Ljava/lang/Object;)[Ljava/lang/Object; @ 62 c2
Event: 426641.968 Thread 0x00000162db49f640 DEOPT PACKING pc=0x00000162cba74ad4 sp=0x00000046074fe780
Event: 426641.968 Thread 0x00000162db49f640 DEOPT UNPACKING pc=0x00000162cb4c46a2 sp=0x00000046074fe718 mode 2
Event: 426644.844 Thread 0x00000162db49f640 Uncommon trap: trap_request=0xffffffd6 fr.pc=0x00000162cba74ad4 relative=0x0000000000000494
Event: 426644.844 Thread 0x00000162db49f640 Uncommon trap: reason=array_check action=maybe_recompile pc=0x00000162cba74ad4 method=java.util.HashMap.keysToArray([Ljava/lang/Object;)[Ljava/lang/Object; @ 62 c2
Event: 426644.851 Thread 0x00000162db49f640 DEOPT PACKING pc=0x00000162cba74ad4 sp=0x00000046074fe7b0
Event: 426644.851 Thread 0x00000162db49f640 DEOPT UNPACKING pc=0x00000162cb4c46a2 sp=0x00000046074fe748 mode 2

Classes loaded (20 events):
Event: 2.968 Loading class java/awt/LightweightDispatcher$1
Event: 2.969 Loading class java/awt/LightweightDispatcher$1 done
Event: 2.969 Loading class java/awt/event/MouseWheelEvent
Event: 2.969 Loading class java/awt/event/MouseWheelEvent done
Event: 3.228 Loading class java/awt/LightweightDispatcher$2
Event: 3.228 Loading class java/awt/LightweightDispatcher$2 done
Event: 4.006 Loading class java/awt/KeyboardFocusManager$2
Event: 4.006 Loading class java/awt/KeyboardFocusManager$2 done
Event: 4.007 Loading class sun/awt/SunToolkit$1
Event: 4.007 Loading class sun/awt/SunToolkit$1 done
Event: 2124.545 Loading class java/util/WeakHashMap$KeyIterator
Event: 2124.546 Loading class java/util/WeakHashMap$HashIterator
Event: 2124.552 Loading class java/util/WeakHashMap$HashIterator done
Event: 2124.552 Loading class java/util/WeakHashMap$KeyIterator done
Event: 2124.569 Loading class javax/swing/RepaintManager$DisplayChangedRunnable
Event: 2124.571 Loading class javax/swing/RepaintManager$DisplayChangedRunnable done
Event: 69232.154 Loading class java/awt/desktop/SystemSleepListener
Event: 69232.203 Loading class java/awt/desktop/SystemEventListener
Event: 69232.207 Loading class java/awt/desktop/SystemEventListener done
Event: 69232.209 Loading class java/awt/desktop/SystemSleepListener done

Classes unloaded (0 events):
No events

Classes redefined (0 events):
No events

Internal exceptions (19 events):
Event: 0.054 Thread 0x00000162b977ae30 Exception <a 'sun/nio/fs/WindowsException'{0x0000000713f9adc0}> (0x0000000713f9adc0) 
thrown [s\open\src\hotspot\share\prims\jni.cpp, line 520]
Event: 0.056 Thread 0x00000162b977ae30 Exception <a 'sun/nio/fs/WindowsException'{0x0000000713f9d300}> (0x0000000713f9d300) 
thrown [s\open\src\hotspot\share\prims\jni.cpp, line 520]
Event: 0.056 Thread 0x00000162b977ae30 Exception <a 'sun/nio/fs/WindowsException'{0x0000000713f9ddf8}> (0x0000000713f9ddf8) 
thrown [s\open\src\hotspot\share\prims\jni.cpp, line 520]
Event: 0.082 Thread 0x00000162b977ae30 Exception <a 'java/lang/ClassNotFoundException'{0x0000000713d11e38}: sun/awt/resources/spi/awtProvider> (0x0000000713d11e38) 
thrown [s\open\src\hotspot\share\classfile\systemDictionary.cpp, line 312]
Event: 0.095 Thread 0x00000162b977ae30 Exception <a 'java/io/FileNotFoundException'{0x0000000713d66e68}> (0x0000000713d66e68) 
thrown [s\open\src\hotspot\share\prims\jni.cpp, line 520]
Event: 0.100 Thread 0x00000162b977ae30 Exception <a 'java/io/FileNotFoundException'{0x0000000713d91340}> (0x0000000713d91340) 
thrown [s\open\src\hotspot\share\prims\jni.cpp, line 520]
Event: 0.152 Thread 0x00000162b977ae30 Exception <a 'java/lang/NoSuchMethodError'{0x0000000713a953a8}: 'void java.lang.invoke.DirectMethodHandle$Holder.invokeSpecial(java.lang.Object, java.lang.Object, java.lang.Object)'> (0x0000000713a953a8) 
thrown [s\open\src\hotspot\share\interpreter\linkResolver.cpp, line 773]
Event: 0.156 Thread 0x00000162b977ae30 Exception <a 'java/lang/NoSuchMethodError'{0x0000000713abad38}: 'java.lang.Object java.lang.invoke.DirectMethodHandle$Holder.newInvokeSpecial(java.lang.Object, java.lang.Object, java.lang.Object, java.lang.Object, java.lang.Object)'> (0x0000000713abad38) 
thrown [s\open\src\hotspot\share\interpreter\linkResolver.cpp, line 773]
Event: 0.159 Thread 0x00000162b977ae30 Exception <a 'java/lang/NoSuchMethodError'{0x0000000713b57598}: 'java.lang.Object java.lang.invoke.DirectMethodHandle$Holder.invokeStatic(java.lang.Object, int, java.lang.Object)'> (0x0000000713b57598) 
thrown [s\open\src\hotspot\share\interpreter\linkResolver.cpp, line 773]
Event: 0.170 Thread 0x00000162b977ae30 Exception <a 'java/lang/ClassNotFoundException'{0x0000000713bf6978}: com/sun/swing/internal/plaf/metal/resources/spi/metalProvider> (0x0000000713bf6978) 
thrown [s\open\src\hotspot\share\classfile\systemDictionary.cpp, line 312]
Event: 0.171 Thread 0x00000162b977ae30 Exception <a 'java/lang/ClassNotFoundException'{0x0000000713bfa888}: com/sun/swing/internal/plaf/basic/resources/spi/basicProvider> (0x0000000713bfa888) 
thrown [s\open\src\hotspot\share\classfile\systemDictionary.cpp, line 312]
Event: 0.177 Thread 0x00000162b977ae30 Exception <a 'java/lang/NoSuchMethodError'{0x0000000713819f40}: 'int java.lang.invoke.Invokers$Holder.invokeExact_MT(java.lang.Object, java.lang.Object)'> (0x0000000713819f40) 
thrown [s\open\src\hotspot\share\interpreter\linkResolver.cpp, line 773]
Event: 0.250 Thread 0x0000016322a116a0 Exception <a 'java/lang/NoSuchMethodError'{0x00000007136f90d8}: 'java.lang.Object java.lang.invoke.DirectMethodHandle$Holder.newInvokeSpecial(java.lang.Object, java.lang.Object, java.lang.Object, int, int, int, int, int)'> (0x00000007136f90d8) 
thrown [s\open\src\hotspot\share\interpreter\linkResolver.cpp, line 773]
Event: 0.296 Thread 0x00000162b977ae30 Exception <a 'java/lang/NoSuchMethodError'{0x00000007139097f8}: 'void java.lang.invoke.DirectMethodHandle$Holder.invokeStaticInit(java.lang.Object)'> (0x00000007139097f8) 
thrown [s\open\src\hotspot\share\interpreter\linkResolver.cpp, line 773]
Event: 0.346 Thread 0x00000162db49f640 Exception <a 'java/lang/NoSuchMethodError'{0x0000000713af0580}: 'void java.lang.invoke.DirectMethodHandle$Holder.invokeVirtual(java.lang.Object, java.lang.Object)'> (0x0000000713af0580) 
thrown [s\open\src\hotspot\share\interpreter\linkResolver.cpp, line 773]
Event: 0.383 Thread 0x00000163229f9870 Exception <a 'java/io/FileNotFoundException'{0x000000071317dc40}> (0x000000071317dc40) 
thrown [s\open\src\hotspot\share\prims\jni.cpp, line 520]
Event: 0.386 Thread 0x00000163229f9870 Exception <a 'java/io/FileNotFoundException'{0x00000007131955e0}> (0x00000007131955e0) 
thrown [s\open\src\hotspot\share\prims\jni.cpp, line 520]
Event: 0.386 Thread 0x00000163229f9870 Exception <a 'java/io/FileNotFoundException'{0x0000000713196f80}> (0x0000000713196f80) 
thrown [s\open\src\hotspot\share\prims\jni.cpp, line 520]
Event: 0.452 Thread 0x00000163229f9870 Exception <a 'java/io/FileNotFoundException'{0x0000000712fe3a00}> (0x0000000712fe3a00) 
thrown [s\open\src\hotspot\share\prims\jni.cpp, line 520]

ZGC Phase Switch (0 events):
No events

VM Operations (20 events):
Event: 60.174 Executing VM operation: HandshakeAllThreads (HandshakeForDeflation) done
Event: 60.174 Executing VM operation: RendezvousGCThreads
Event: 60.174 Executing VM operation: RendezvousGCThreads done
Event: 2125.029 Executing VM operation: Cleanup
Event: 2125.029 Executing VM operation: Cleanup done
Event: 2126.030 Executing VM operation: Cleanup
Event: 2126.030 Executing VM operation: Cleanup done
Event: 2128.054 Executing VM operation: Cleanup
Event: 2128.054 Executing VM operation: Cleanup done
Event: 9842.457 Executing VM operation: Cleanup
Event: 9842.459 Executing VM operation: Cleanup done
Event: 15303.347 Executing VM operation: Cleanup
Event: 15303.347 Executing VM operation: Cleanup done
Event: 426645.596 Executing VM operation: Cleanup
Event: 426645.596 Executing VM operation: Cleanup done
Event: 426667.729 Executing VM operation: Cleanup
Event: 426667.730 Executing VM operation: Cleanup done
Event: 441216.710 Executing VM operation: Cleanup
Event: 441216.711 Executing VM operation: Cleanup done
Event: 441217.716 Executing VM operation: Cleanup

Events (20 events):
Event: 0.031 Thread 0x00000162dafdc720 Thread added: 0x00000162dafdc720
Event: 0.031 Thread 0x00000162dafeaee0 Thread added: 0x00000162dafeaee0
Event: 0.031 Thread 0x00000162dafec0e0 Thread added: 0x00000162dafec0e0
Event: 0.031 Thread 0x00000162dafecb40 Thread added: 0x00000162dafecb40
Event: 0.031 Thread 0x00000162dafed5a0 Thread added: 0x00000162dafed5a0
Event: 0.031 Thread 0x00000162dafeec00 Thread added: 0x00000162dafeec00
Event: 0.031 Thread 0x00000162dafef6a0 Thread added: 0x00000162dafef6a0
Event: 0.044 Thread 0x00000162db2c2f70 Thread added: 0x00000162db2c2f70
Event: 0.063 Thread 0x00000162db345b50 Thread added: 0x00000162db345b50
Event: 0.133 Thread 0x00000162db4c6430 Thread added: 0x00000162db4c6430
Event: 0.133 Thread 0x00000162db4c70b0 Thread added: 0x00000162db4c70b0
Event: 0.134 Thread 0x00000162db49f640 Thread added: 0x00000162db49f640
Event: 0.206 Thread 0x00000163229f9870 Thread added: 0x00000163229f9870
Event: 0.217 Thread 0x0000016322a116a0 Thread added: 0x0000016322a116a0
Event: 0.224 Thread 0x0000016322b43fd0 Thread added: 0x0000016322b43fd0
Event: 0.351 Thread 0x00000162b977ae30 Thread exited: 0x00000162b977ae30
Event: 0.351 Thread 0x00000162b977ae30 Thread added: 0x00000162b977ae30
Event: 0.521 Thread 0x0000016322ddfe60 Thread added: 0x0000016322ddfe60
Event: 1.544 Thread 0x0000016322b43fd0 Thread exited: 0x0000016322b43fd0
Event: 5.300 Thread 0x0000016322a116a0 Thread exited: 0x0000016322a116a0


Dynamic libraries:
0x00007ff685ce0000 - 0x00007ff685cf0000 	C:\Program Files\Java\jdk-21\bin\java.exe
0x00007fff47740000 - 0x00007fff479a3000 	C:\WINDOWS\SYSTEM32\ntdll.dll
0x00007fff047c0000 - 0x00007fff047da000 	C:\Program Files\Norton\Suite\aswhook.dll
0x00007fff45820000 - 0x00007fff458e8000 	C:\WINDOWS\System32\KERNEL32.DLL
0x00007fff44df0000 - 0x00007fff451a2000 	C:\WINDOWS\System32\KERNELBASE.dll
0x00007fff44b10000 - 0x00007fff44c5b000 	C:\WINDOWS\System32\ucrtbase.dll
0x00007fff3e870000 - 0x00007fff3e889000 	C:\Program Files\Java\jdk-21\bin\jli.dll
0x00007fff465d0000 - 0x00007fff46684000 	C:\WINDOWS\System32\ADVAPI32.dll
0x00007fff3d7f0000 - 0x00007fff3d80b000 	C:\Program Files\Java\jdk-21\bin\VCRUNTIME140.dll
0x00007fff458f0000 - 0x00007fff45999000 	C:\WINDOWS\System32\msvcrt.dll
0x00007fff46b90000 - 0x00007fff46c36000 	C:\WINDOWS\System32\sechost.dll
0x00007fff462e0000 - 0x00007fff463f6000 	C:\WINDOWS\System32\RPCRT4.dll
0x00007fff46400000 - 0x00007fff465c8000 	C:\WINDOWS\System32\USER32.dll
0x00007fff44d20000 - 0x00007fff44d47000 	C:\WINDOWS\System32\win32u.dll
0x00007fff45690000 - 0x00007fff456ba000 	C:\WINDOWS\System32\GDI32.dll
0x00007fff220c0000 - 0x00007fff22350000 	C:\WINDOWS\WinSxS\amd64_microsoft.windows.common-controls_6595b64144ccf1df_6.0.26100.2454_none_3e0b68a2e331ad60\COMCTL32.dll
0x00007fff45330000 - 0x00007fff4545b000 	C:\WINDOWS\System32\gdi32full.dll
0x00007fff454f0000 - 0x00007fff45593000 	C:\WINDOWS\System32\msvcp_win.dll
0x00007fff17fa0000 - 0x00007fff17fab000 	C:\WINDOWS\SYSTEM32\VERSION.dll
0x00007fff469f0000 - 0x00007fff46a1f000 	C:\WINDOWS\System32\IMM32.DLL
0x00007fff3d9c0000 - 0x00007fff3d9cc000 	C:\Program Files\Java\jdk-21\bin\vcruntime140_1.dll
0x00007ffef91e0000 - 0x00007ffef926e000 	C:\Program Files\Java\jdk-21\bin\msvcp140.dll
0x00007ffe52ce0000 - 0x00007ffe539f5000 	C:\Program Files\Java\jdk-21\bin\server\jvm.dll
0x00007fff456c0000 - 0x00007fff45734000 	C:\WINDOWS\System32\WS2_32.dll
0x00007fff449a0000 - 0x00007fff449ee000 	C:\WINDOWS\SYSTEM32\POWRPROF.dll
0x00007fff39490000 - 0x00007fff394c6000 	C:\WINDOWS\SYSTEM32\WINMM.dll
0x00007fff44980000 - 0x00007fff44994000 	C:\WINDOWS\SYSTEM32\UMPDC.dll
0x00007fff43910000 - 0x00007fff4392a000 	C:\WINDOWS\SYSTEM32\kernel.appcore.dll
0x00007fff3d870000 - 0x00007fff3d87a000 	C:\Program Files\Java\jdk-21\bin\jimage.dll
0x00007fff42230000 - 0x00007fff42471000 	C:\WINDOWS\SYSTEM32\DBGHELP.DLL
0x00007fff47360000 - 0x00007fff476de000 	C:\WINDOWS\System32\combase.dll
0x00007fff47280000 - 0x00007fff47356000 	C:\WINDOWS\System32\OLEAUT32.dll
0x00007fff275f0000 - 0x00007fff27629000 	C:\WINDOWS\SYSTEM32\dbgcore.DLL
0x00007fff44d50000 - 0x00007fff44de9000 	C:\WINDOWS\System32\bcryptPrimitives.dll
0x00007fff3d670000 - 0x00007fff3d68f000 	C:\Program Files\Java\jdk-21\bin\java.dll
0x00007fff45b70000 - 0x00007fff46270000 	C:\WINDOWS\System32\SHELL32.dll
0x00007fff427e0000 - 0x00007fff43011000 	C:\WINDOWS\SYSTEM32\windows.storage.dll
0x00007fff45740000 - 0x00007fff4581a000 	C:\WINDOWS\System32\SHCORE.dll
0x00007fff46280000 - 0x00007fff462dd000 	C:\WINDOWS\System32\shlwapi.dll
0x00007fff44a20000 - 0x00007fff44a4e000 	C:\WINDOWS\SYSTEM32\profapi.dll
0x00007ffeeab70000 - 0x00007ffeeac47000 	C:\Program Files\Java\jdk-21\bin\jsvml.dll
0x00007fff3d7d0000 - 0x00007fff3d7e0000 	C:\Program Files\Java\jdk-21\bin\net.dll
0x00007fff33df0000 - 0x00007fff33f16000 	C:\WINDOWS\SYSTEM32\WINHTTP.dll
0x00007fff43df0000 - 0x00007fff43e58000 	C:\WINDOWS\system32\mswsock.dll
0x00007fff3d540000 - 0x00007fff3d556000 	C:\Program Files\Java\jdk-21\bin\nio.dll
0x00007fff3d1c0000 - 0x00007fff3d1d8000 	C:\Program Files\Java\jdk-21\bin\zip.dll
0x00007ffeb72f0000 - 0x00007ffeb747f000 	C:\Program Files\Java\jdk-21\bin\awt.dll
0x00007fff41260000 - 0x00007fff412fc000 	C:\WINDOWS\SYSTEM32\apphelp.dll
0x00007fff41c80000 - 0x00007fff41cae000 	C:\WINDOWS\system32\DWMAPI.DLL
0x00007fff419a0000 - 0x00007fff41a4d000 	C:\WINDOWS\system32\uxtheme.dll
0x00007ffec4710000 - 0x00007ffec481c000 	C:\WINDOWS\system32\opengl32.dll
0x00007fff27660000 - 0x00007fff2768d000 	C:\WINDOWS\SYSTEM32\GLU32.dll
0x00007fff41a80000 - 0x00007fff41ac7000 	C:\WINDOWS\SYSTEM32\dxcore.dll
0x00007fff46c40000 - 0x00007fff46d9c000 	C:\WINDOWS\System32\MSCTF.dll
0x00007fff46690000 - 0x00007fff46829000 	C:\WINDOWS\System32\ole32.dll
0x00007fff3c740000 - 0x00007fff3c76e000 	C:\Program Files\Java\jdk-21\bin\javajpeg.dll
0x00007ffedc5f0000 - 0x00007ffedc677000 	C:\Program Files\Java\jdk-21\bin\freetype.dll
0x00007ffec48a0000 - 0x00007ffec4973000 	C:\Program Files\Java\jdk-21\bin\fontmanager.dll
0x00007fff468c0000 - 0x00007fff46968000 	C:\WINDOWS\System32\clbcatq.dll
0x00007fff41760000 - 0x00007fff4198e000 	C:\WINDOWS\SYSTEM32\WindowsCodecs.dll
0x00007fff2a8d0000 - 0x00007fff2a92a000 	C:\WINDOWS\system32\dataexchange.dll
0x00007fff330d0000 - 0x00007fff33307000 	C:\WINDOWS\system32\twinapi.appcore.dll
0x00007fff23010000 - 0x00007fff23156000 	C:\WINDOWS\SYSTEM32\textinputframework.dll
0x00007fff40ae0000 - 0x00007fff40c05000 	C:\WINDOWS\SYSTEM32\CoreMessaging.dll
0x00007fff3b480000 - 0x00007fff3b763000 	C:\WINDOWS\SYSTEM32\CoreUIComponents.dll
0x00007fff3b310000 - 0x00007fff3b478000 	C:\WINDOWS\SYSTEM32\wintypes.dll
0x00007fff44020000 - 0x00007fff4402c000 	C:\WINDOWS\SYSTEM32\CRYPTBASE.DLL

dbghelp: loaded successfully - version: 4.0.5 - missing functions: none
symbol engine: initialized successfully - sym options: 0x614 - pdb path: .;C:\Program Files\Java\jdk-21\bin;C:\WINDOWS\SYSTEM32;C:\Program Files\Norton\Suite;C:\WINDOWS\WinSxS\amd64_microsoft.windows.common-controls_6595b64144ccf1df_6.0.26100.2454_none_3e0b68a2e331ad60;C:\Program Files\Java\jdk-21\bin\server

VM Arguments:
jvm_args: -Dfile.encoding=UTF-8 --module-path=C:\Users\billi\OneDrive\Documents\NetBeansProjects\HotelSystem\build\classes 
java_command: Hotel.Management.System.AddDriver
java_class_path (initial): C:\Users\billi\Downloads\mysql-connector-j-8.3.0\mysql-connector-j-8.3.0\mysql-connector-j-8.3.0.jar;C:\Users\billi\OneDrive\Documents\NetBeansProjects\HotelSystem\build\classes
Launcher Type: SUN_STANDARD

[Global flags]
     intx CICompilerCount                          = 4                                         {product} {ergonomic}
     uint ConcGCThreads                            = 3                                         {product} {ergonomic}
     uint G1ConcRefinementThreads                  = 10                                        {product} {ergonomic}
   size_t G1HeapRegionSize                         = 2097152                                   {product} {ergonomic}
    uintx GCDrainStackTargetSize                   = 64                                        {product} {ergonomic}
   size_t InitialHeapSize                          = 264241152                                 {product} {ergonomic}
   size_t MarkStackSize                            = 4194304                                   {product} {ergonomic}
   size_t MaxHeapSize                              = 4223664128                                {product} {ergonomic}
   size_t MaxNewSize                               = 2533359616                                {product} {ergonomic}
   size_t MinHeapDeltaBytes                        = 2097152                                   {product} {ergonomic}
   size_t MinHeapSize                              = 8388608                                   {product} {ergonomic}
    uintx NonNMethodCodeHeapSize                   = 5839372                                {pd product} {ergonomic}
    uintx NonProfiledCodeHeapSize                  = 122909434                              {pd product} {ergonomic}
    uintx ProfiledCodeHeapSize                     = 122909434                              {pd product} {ergonomic}
    uintx ReservedCodeCacheSize                    = 251658240                              {pd product} {ergonomic}
     bool SegmentedCodeCache                       = true                                      {product} {ergonomic}
   size_t SoftMaxHeapSize                          = 4223664128                             {manageable} {ergonomic}
     bool UseCompressedOops                        = true                           {product lp64_product} {ergonomic}
     bool UseG1GC                                  = true                                      {product} {ergonomic}
     bool UseLargePagesIndividualAllocation        = false                                  {pd product} {ergonomic}

Logging:
Log output configuration:
 #0: stdout all=warning uptime,level,tags foldmultilines=false
 #1: stderr all=off uptime,level,tags foldmultilines=false

Environment Variables:
PATH=C:\Program Files\Common Files\Oracle\Java\javapath;C:\WINDOWS\system32;C:\WINDOWS;C:\WINDOWS\System32\Wbem;C:\WINDOWS\System32\WindowsPowerShell\v1.0\;C:\WINDOWS\System32\OpenSSH\;C:\Program Files\Java\jdk-21\bin;C:\Program Files\Graphviz\bin;C:\Program Files\Git\cmd;C:\Program Files\nodejs\;C:\ProgramData\chocolatey\bin;C:\Users\billi\AppData\Local\Programs\Python\Launcher\;C:\Users\billi\AppData\Local\Microsoft\WindowsApps;C:\Users\billi\AppData\Local\Programs\MiKTeX\miktex\bin\x64\;C:\Users\billi\AppData\Local\GitHubDesktop\bin;C:\Users\billi\AppData\Local\Programs\Microsoft VS Code\bin;C:\Users\billi\AppData\Roaming\npm
USERNAME=billi
OS=Windows_NT
PROCESSOR_IDENTIFIER=Intel64 Family 6 Model 154 Stepping 4, GenuineIntel
TMP=C:\Users\billi\AppData\Local\Temp
TEMP=C:\Users\billi\AppData\Local\Temp




Periodic native trim disabled

---------------  S Y S T E M  ---------------

OS:
 Windows 11 , 64 bit Build 26100 (10.0.26100.2454)
OS uptime: 69 days 2:23 hours
Hyper-V role detected

CPU: total 12 (initial active 12) (6 cores per cpu, 2 threads per core) family 6 model 154 stepping 4 microcode 0x424, cx8, cmov, fxsr, ht, mmx, 3dnowpref, sse, sse2, sse3, ssse3, sse4.1, sse4.2, popcnt, lzcnt, tsc, tscinvbit, avx, avx2, aes, erms, clmul, bmi1, bmi2, adx, sha, fma, vzeroupper, clflush, clflushopt, clwb, hv, serialize, rdtscp, rdpid, fsrm, f16c, cet_ibt, cet_ss
Processor Information for processor 0
  Max Mhz: 1700, Current Mhz: 1700, Mhz Limit: 1700
Processor Information for processor 1
  Max Mhz: 1700, Current Mhz: 1700, Mhz Limit: 1700
Processor Information for processor 2
  Max Mhz: 1700, Current Mhz: 1700, Mhz Limit: 1700
Processor Information for processor 3
  Max Mhz: 1700, Current Mhz: 1700, Mhz Limit: 1700
Processor Information for processor 4
  Max Mhz: 1200, Current Mhz: 1200, Mhz Limit: 1200
Processor Information for processor 5
  Max Mhz: 1200, Current Mhz: 1200, Mhz Limit: 1200
Processor Information for processor 6
  Max Mhz: 1200, Current Mhz: 1200, Mhz Limit: 1200
Processor Information for processor 7
  Max Mhz: 1200, Current Mhz: 1200, Mhz Limit: 1200
Processor Information for processor 8
  Max Mhz: 1200, Current Mhz: 1200, Mhz Limit: 1200
Processor Information for processor 9
  Max Mhz: 1200, Current Mhz: 1200, Mhz Limit: 1200
Processor Information for processor 10
  Max Mhz: 1200, Current Mhz: 1200, Mhz Limit: 1200
Processor Information for processor 11
  Max Mhz: 1200, Current Mhz: 1200, Mhz Limit: 1200

Memory: 4k page, system-wide physical 16108M (1475M free)
TotalPageFile size 65260M (AvailPageFile size 2M)
current process WorkingSet (physical memory assigned to process): 15M, peak: 97M
current process commit charge ("private bytes"): 357M, peak: 358M

vm_info: Java HotSpot(TM) 64-Bit Server VM (21.0.1+12-LTS-29) for windows-amd64 JRE (21.0.1+12-LTS-29), built on 2023-10-05T13:27:09Z by "mach5one" with MS VC++ 17.1 (VS2022)

END.
